!SESSION 2020-05-06 21:54:15.422 -----------------------------------------------
eclipse.buildId=4.7.3.M20180330-0640
java.version=1.8.0_241
java.vendor=Oracle Corporation
BootLoader constants: OS=win32, ARCH=x86_64, WS=win32, NL=en_US
Framework arguments:  -product org.eclipse.epp.package.java.product -product org.eclipse.epp.package.java.product -product org.eclipse.epp.package.java.product -product org.eclipse.epp.package.java.product -product org.eclipse.epp.package.java.product -product org.eclipse.epp.package.java.product -product org.eclipse.epp.package.java.product -product org.eclipse.epp.package.java.product -product org.eclipse.epp.package.java.product
Command-line arguments:  -os win32 -ws win32 -arch x86_64 -product org.eclipse.epp.package.java.product -product org.eclipse.epp.package.java.product -product org.eclipse.epp.package.java.product -product org.eclipse.epp.package.java.product -product org.eclipse.epp.package.java.product -product org.eclipse.epp.package.java.product -product org.eclipse.epp.package.java.product -product org.eclipse.epp.package.java.product -data C:\Users\hanuma\Google Drive\Srinidhi session code -product org.eclipse.epp.package.java.product

This is a continuation of log file C:\Users\hanuma\Google Drive\Srinidhi session code\.metadata\.bak_0.log
Created Time: 2020-05-08 21:59:56.655

!ENTRY org.python.pydev.shared_core 4 4 2020-05-08 21:59:56.656
!MESSAGE No message gotten (null message).
!STACK 0
java.lang.NullPointerException
	at org.python.pydev.debug.ui.launching.PythonRunnerConfig.getWorkingDirectory(PythonRunnerConfig.java:210)
	at org.python.pydev.debug.ui.PythonConsoleLineTracker.initLaunchConfiguration(PythonConsoleLineTracker.java:160)
	at org.python.pydev.debug.ui.PythonConsoleLineTracker.init(PythonConsoleLineTracker.java:131)
	at org.eclipse.debug.internal.ui.views.console.ConsoleLineNotifier.connect(ConsoleLineNotifier.java:56)
	at org.eclipse.ui.internal.console.ConsolePatternMatcher.addPatternMatchListener(ConsolePatternMatcher.java:234)
	at org.eclipse.ui.console.TextConsole.addPatternMatchListener(TextConsole.java:409)
	at org.eclipse.debug.internal.ui.views.console.ProcessConsole.<init>(ProcessConsole.java:228)
	at org.eclipse.debug.internal.ui.views.console.ProcessConsoleManager.launchChanged(ProcessConsoleManager.java:149)
	at org.eclipse.debug.internal.core.LaunchManager$LaunchNotifier.run(LaunchManager.java:453)
	at org.eclipse.core.runtime.SafeRunner.run(SafeRunner.java:42)
	at org.eclipse.debug.internal.core.LaunchManager$LaunchNotifier.notify(LaunchManager.java:433)
	at org.eclipse.debug.internal.core.LaunchManager.fireUpdate(LaunchManager.java:1043)
	at org.eclipse.debug.core.Launch.fireChanged(Launch.java:466)
	at org.eclipse.debug.core.Launch.addProcess(Launch.java:420)
	at org.eclipse.debug.core.model.RuntimeProcess.<init>(RuntimeProcess.java:126)
	at org.eclipse.debug.core.DebugPlugin.newProcess(DebugPlugin.java:791)
	at org.eclipse.jdt.launching.AbstractVMRunner.newProcess(AbstractVMRunner.java:175)
	at org.eclipse.jdt.internal.launching.StandardVMRunner.run(StandardVMRunner.java:438)
	at org.eclipse.jdt.launching.JavaLaunchDelegate.launch(JavaLaunchDelegate.java:122)
	at org.eclipse.debug.internal.core.LaunchConfiguration.launch(LaunchConfiguration.java:885)
	at org.eclipse.debug.internal.core.LaunchConfiguration.launch(LaunchConfiguration.java:739)
	at org.eclipse.debug.internal.ui.DebugUIPlugin.buildAndLaunch(DebugUIPlugin.java:1039)
	at org.eclipse.debug.internal.ui.DebugUIPlugin$8.run(DebugUIPlugin.java:1256)
	at org.eclipse.core.internal.jobs.Worker.run(Worker.java:56)

!ENTRY org.python.pydev.shared_core 4 4 2020-05-08 22:01:59.161
!MESSAGE No message gotten (null message).
!STACK 0
java.lang.NullPointerException
	at org.python.pydev.debug.ui.launching.PythonRunnerConfig.getWorkingDirectory(PythonRunnerConfig.java:210)
	at org.python.pydev.debug.ui.PythonConsoleLineTracker.initLaunchConfiguration(PythonConsoleLineTracker.java:160)
	at org.python.pydev.debug.ui.PythonConsoleLineTracker.init(PythonConsoleLineTracker.java:131)
	at org.eclipse.debug.internal.ui.views.console.ConsoleLineNotifier.connect(ConsoleLineNotifier.java:56)
	at org.eclipse.ui.internal.console.ConsolePatternMatcher.addPatternMatchListener(ConsolePatternMatcher.java:234)
	at org.eclipse.ui.console.TextConsole.addPatternMatchListener(TextConsole.java:409)
	at org.eclipse.debug.internal.ui.views.console.ProcessConsole.<init>(ProcessConsole.java:228)
	at org.eclipse.debug.internal.ui.views.console.ProcessConsoleManager.launchChanged(ProcessConsoleManager.java:149)
	at org.eclipse.debug.internal.core.LaunchManager$LaunchNotifier.run(LaunchManager.java:453)
	at org.eclipse.core.runtime.SafeRunner.run(SafeRunner.java:42)
	at org.eclipse.debug.internal.core.LaunchManager$LaunchNotifier.notify(LaunchManager.java:433)
	at org.eclipse.debug.internal.core.LaunchManager.fireUpdate(LaunchManager.java:1043)
	at org.eclipse.debug.core.Launch.fireChanged(Launch.java:466)
	at org.eclipse.debug.core.Launch.addProcess(Launch.java:420)
	at org.eclipse.debug.core.model.RuntimeProcess.<init>(RuntimeProcess.java:126)
	at org.eclipse.debug.core.DebugPlugin.newProcess(DebugPlugin.java:791)
	at org.eclipse.jdt.launching.AbstractVMRunner.newProcess(AbstractVMRunner.java:175)
	at org.eclipse.jdt.internal.launching.StandardVMRunner.run(StandardVMRunner.java:438)
	at org.eclipse.jdt.launching.JavaLaunchDelegate.launch(JavaLaunchDelegate.java:122)
	at org.eclipse.debug.internal.core.LaunchConfiguration.launch(LaunchConfiguration.java:885)
	at org.eclipse.debug.internal.core.LaunchConfiguration.launch(LaunchConfiguration.java:739)
	at org.eclipse.debug.internal.ui.DebugUIPlugin.buildAndLaunch(DebugUIPlugin.java:1039)
	at org.eclipse.debug.internal.ui.DebugUIPlugin$8.run(DebugUIPlugin.java:1256)
	at org.eclipse.core.internal.jobs.Worker.run(Worker.java:56)

!ENTRY org.python.pydev.shared_core 4 4 2020-05-08 23:00:57.816
!MESSAGE No message gotten (null message).
!STACK 0
java.lang.NullPointerException
	at org.python.pydev.debug.ui.launching.PythonRunnerConfig.getWorkingDirectory(PythonRunnerConfig.java:210)
	at org.python.pydev.debug.ui.PythonConsoleLineTracker.initLaunchConfiguration(PythonConsoleLineTracker.java:160)
	at org.python.pydev.debug.ui.PythonConsoleLineTracker.init(PythonConsoleLineTracker.java:131)
	at org.eclipse.debug.internal.ui.views.console.ConsoleLineNotifier.connect(ConsoleLineNotifier.java:56)
	at org.eclipse.ui.internal.console.ConsolePatternMatcher.addPatternMatchListener(ConsolePatternMatcher.java:234)
	at org.eclipse.ui.console.TextConsole.addPatternMatchListener(TextConsole.java:409)
	at org.eclipse.debug.internal.ui.views.console.ProcessConsole.<init>(ProcessConsole.java:228)
	at org.eclipse.debug.internal.ui.views.console.ProcessConsoleManager.launchChanged(ProcessConsoleManager.java:149)
	at org.eclipse.debug.internal.core.LaunchManager$LaunchNotifier.run(LaunchManager.java:453)
	at org.eclipse.core.runtime.SafeRunner.run(SafeRunner.java:42)
	at org.eclipse.debug.internal.core.LaunchManager$LaunchNotifier.notify(LaunchManager.java:433)
	at org.eclipse.debug.internal.core.LaunchManager.fireUpdate(LaunchManager.java:1043)
	at org.eclipse.debug.core.Launch.fireChanged(Launch.java:466)
	at org.eclipse.debug.core.Launch.addProcess(Launch.java:420)
	at org.eclipse.debug.core.model.RuntimeProcess.<init>(RuntimeProcess.java:126)
	at org.eclipse.debug.core.DebugPlugin.newProcess(DebugPlugin.java:791)
	at org.eclipse.jdt.launching.AbstractVMRunner.newProcess(AbstractVMRunner.java:175)
	at org.eclipse.jdt.internal.launching.StandardVMRunner.run(StandardVMRunner.java:438)
	at org.eclipse.jdt.launching.JavaLaunchDelegate.launch(JavaLaunchDelegate.java:122)
	at org.eclipse.debug.internal.core.LaunchConfiguration.launch(LaunchConfiguration.java:885)
	at org.eclipse.debug.internal.core.LaunchConfiguration.launch(LaunchConfiguration.java:739)
	at org.eclipse.debug.internal.ui.DebugUIPlugin.buildAndLaunch(DebugUIPlugin.java:1039)
	at org.eclipse.debug.internal.ui.DebugUIPlugin$8.run(DebugUIPlugin.java:1256)
	at org.eclipse.core.internal.jobs.Worker.run(Worker.java:56)

!ENTRY org.python.pydev.shared_core 4 4 2020-05-08 23:07:40.627
!MESSAGE No message gotten (null message).
!STACK 0
java.lang.NullPointerException
	at org.python.pydev.debug.ui.launching.PythonRunnerConfig.getWorkingDirectory(PythonRunnerConfig.java:210)
	at org.python.pydev.debug.ui.PythonConsoleLineTracker.initLaunchConfiguration(PythonConsoleLineTracker.java:160)
	at org.python.pydev.debug.ui.PythonConsoleLineTracker.init(PythonConsoleLineTracker.java:131)
	at org.eclipse.debug.internal.ui.views.console.ConsoleLineNotifier.connect(ConsoleLineNotifier.java:56)
	at org.eclipse.ui.internal.console.ConsolePatternMatcher.addPatternMatchListener(ConsolePatternMatcher.java:234)
	at org.eclipse.ui.console.TextConsole.addPatternMatchListener(TextConsole.java:409)
	at org.eclipse.debug.internal.ui.views.console.ProcessConsole.<init>(ProcessConsole.java:228)
	at org.eclipse.debug.internal.ui.views.console.ProcessConsoleManager.launchChanged(ProcessConsoleManager.java:149)
	at org.eclipse.debug.internal.core.LaunchManager$LaunchNotifier.run(LaunchManager.java:453)
	at org.eclipse.core.runtime.SafeRunner.run(SafeRunner.java:42)
	at org.eclipse.debug.internal.core.LaunchManager$LaunchNotifier.notify(LaunchManager.java:433)
	at org.eclipse.debug.internal.core.LaunchManager.fireUpdate(LaunchManager.java:1043)
	at org.eclipse.debug.core.Launch.fireChanged(Launch.java:466)
	at org.eclipse.debug.core.Launch.addProcess(Launch.java:420)
	at org.eclipse.debug.core.model.RuntimeProcess.<init>(RuntimeProcess.java:126)
	at org.eclipse.debug.core.DebugPlugin.newProcess(DebugPlugin.java:791)
	at org.eclipse.jdt.launching.AbstractVMRunner.newProcess(AbstractVMRunner.java:175)
	at org.eclipse.jdt.internal.launching.StandardVMRunner.run(StandardVMRunner.java:438)
	at org.eclipse.jdt.launching.JavaLaunchDelegate.launch(JavaLaunchDelegate.java:122)
	at org.eclipse.debug.internal.core.LaunchConfiguration.launch(LaunchConfiguration.java:885)
	at org.eclipse.debug.internal.core.LaunchConfiguration.launch(LaunchConfiguration.java:739)
	at org.eclipse.debug.internal.ui.DebugUIPlugin.buildAndLaunch(DebugUIPlugin.java:1039)
	at org.eclipse.debug.internal.ui.DebugUIPlugin$8.run(DebugUIPlugin.java:1256)
	at org.eclipse.core.internal.jobs.Worker.run(Worker.java:56)

!ENTRY org.python.pydev.shared_core 4 4 2020-05-08 23:08:22.645
!MESSAGE No message gotten (null message).
!STACK 0
java.lang.NullPointerException
	at org.python.pydev.debug.ui.launching.PythonRunnerConfig.getWorkingDirectory(PythonRunnerConfig.java:210)
	at org.python.pydev.debug.ui.PythonConsoleLineTracker.initLaunchConfiguration(PythonConsoleLineTracker.java:160)
	at org.python.pydev.debug.ui.PythonConsoleLineTracker.init(PythonConsoleLineTracker.java:131)
	at org.eclipse.debug.internal.ui.views.console.ConsoleLineNotifier.connect(ConsoleLineNotifier.java:56)
	at org.eclipse.ui.internal.console.ConsolePatternMatcher.addPatternMatchListener(ConsolePatternMatcher.java:234)
	at org.eclipse.ui.console.TextConsole.addPatternMatchListener(TextConsole.java:409)
	at org.eclipse.debug.internal.ui.views.console.ProcessConsole.<init>(ProcessConsole.java:228)
	at org.eclipse.debug.internal.ui.views.console.ProcessConsoleManager.launchChanged(ProcessConsoleManager.java:149)
	at org.eclipse.debug.internal.core.LaunchManager$LaunchNotifier.run(LaunchManager.java:453)
	at org.eclipse.core.runtime.SafeRunner.run(SafeRunner.java:42)
	at org.eclipse.debug.internal.core.LaunchManager$LaunchNotifier.notify(LaunchManager.java:433)
	at org.eclipse.debug.internal.core.LaunchManager.fireUpdate(LaunchManager.java:1043)
	at org.eclipse.debug.core.Launch.fireChanged(Launch.java:466)
	at org.eclipse.debug.core.Launch.addProcess(Launch.java:420)
	at org.eclipse.debug.core.model.RuntimeProcess.<init>(RuntimeProcess.java:126)
	at org.eclipse.debug.core.DebugPlugin.newProcess(DebugPlugin.java:791)
	at org.eclipse.jdt.launching.AbstractVMRunner.newProcess(AbstractVMRunner.java:175)
	at org.eclipse.jdt.internal.launching.StandardVMRunner.run(StandardVMRunner.java:438)
	at org.eclipse.jdt.launching.JavaLaunchDelegate.launch(JavaLaunchDelegate.java:122)
	at org.eclipse.debug.internal.core.LaunchConfiguration.launch(LaunchConfiguration.java:885)
	at org.eclipse.debug.internal.core.LaunchConfiguration.launch(LaunchConfiguration.java:739)
	at org.eclipse.debug.internal.ui.DebugUIPlugin.buildAndLaunch(DebugUIPlugin.java:1039)
	at org.eclipse.debug.internal.ui.DebugUIPlugin$8.run(DebugUIPlugin.java:1256)
	at org.eclipse.core.internal.jobs.Worker.run(Worker.java:56)

!ENTRY org.python.pydev.shared_core 4 4 2020-05-08 23:10:49.644
!MESSAGE No message gotten (null message).
!STACK 0
java.lang.NullPointerException
	at org.python.pydev.debug.ui.launching.PythonRunnerConfig.getWorkingDirectory(PythonRunnerConfig.java:210)
	at org.python.pydev.debug.ui.PythonConsoleLineTracker.initLaunchConfiguration(PythonConsoleLineTracker.java:160)
	at org.python.pydev.debug.ui.PythonConsoleLineTracker.init(PythonConsoleLineTracker.java:131)
	at org.eclipse.debug.internal.ui.views.console.ConsoleLineNotifier.connect(ConsoleLineNotifier.java:56)
	at org.eclipse.ui.internal.console.ConsolePatternMatcher.addPatternMatchListener(ConsolePatternMatcher.java:234)
	at org.eclipse.ui.console.TextConsole.addPatternMatchListener(TextConsole.java:409)
	at org.eclipse.debug.internal.ui.views.console.ProcessConsole.<init>(ProcessConsole.java:228)
	at org.eclipse.debug.internal.ui.views.console.ProcessConsoleManager.launchChanged(ProcessConsoleManager.java:149)
	at org.eclipse.debug.internal.core.LaunchManager$LaunchNotifier.run(LaunchManager.java:453)
	at org.eclipse.core.runtime.SafeRunner.run(SafeRunner.java:42)
	at org.eclipse.debug.internal.core.LaunchManager$LaunchNotifier.notify(LaunchManager.java:433)
	at org.eclipse.debug.internal.core.LaunchManager.fireUpdate(LaunchManager.java:1043)
	at org.eclipse.debug.core.Launch.fireChanged(Launch.java:466)
	at org.eclipse.debug.core.Launch.addProcess(Launch.java:420)
	at org.eclipse.debug.core.model.RuntimeProcess.<init>(RuntimeProcess.java:126)
	at org.eclipse.debug.core.DebugPlugin.newProcess(DebugPlugin.java:791)
	at org.eclipse.jdt.launching.AbstractVMRunner.newProcess(AbstractVMRunner.java:175)
	at org.eclipse.jdt.internal.launching.StandardVMRunner.run(StandardVMRunner.java:438)
	at org.eclipse.jdt.launching.JavaLaunchDelegate.launch(JavaLaunchDelegate.java:122)
	at org.eclipse.debug.internal.core.LaunchConfiguration.launch(LaunchConfiguration.java:885)
	at org.eclipse.debug.internal.core.LaunchConfiguration.launch(LaunchConfiguration.java:739)
	at org.eclipse.debug.internal.ui.DebugUIPlugin.buildAndLaunch(DebugUIPlugin.java:1039)
	at org.eclipse.debug.internal.ui.DebugUIPlugin$8.run(DebugUIPlugin.java:1256)
	at org.eclipse.core.internal.jobs.Worker.run(Worker.java:56)

!ENTRY org.python.pydev.shared_core 4 4 2020-05-08 23:12:09.785
!MESSAGE No message gotten (null message).
!STACK 0
java.lang.NullPointerException
	at org.python.pydev.debug.ui.launching.PythonRunnerConfig.getWorkingDirectory(PythonRunnerConfig.java:210)
	at org.python.pydev.debug.ui.PythonConsoleLineTracker.initLaunchConfiguration(PythonConsoleLineTracker.java:160)
	at org.python.pydev.debug.ui.PythonConsoleLineTracker.init(PythonConsoleLineTracker.java:131)
	at org.eclipse.debug.internal.ui.views.console.ConsoleLineNotifier.connect(ConsoleLineNotifier.java:56)
	at org.eclipse.ui.internal.console.ConsolePatternMatcher.addPatternMatchListener(ConsolePatternMatcher.java:234)
	at org.eclipse.ui.console.TextConsole.addPatternMatchListener(TextConsole.java:409)
	at org.eclipse.debug.internal.ui.views.console.ProcessConsole.<init>(ProcessConsole.java:228)
	at org.eclipse.debug.internal.ui.views.console.ProcessConsoleManager.launchChanged(ProcessConsoleManager.java:149)
	at org.eclipse.debug.internal.core.LaunchManager$LaunchNotifier.run(LaunchManager.java:453)
	at org.eclipse.core.runtime.SafeRunner.run(SafeRunner.java:42)
	at org.eclipse.debug.internal.core.LaunchManager$LaunchNotifier.notify(LaunchManager.java:433)
	at org.eclipse.debug.internal.core.LaunchManager.fireUpdate(LaunchManager.java:1043)
	at org.eclipse.debug.core.Launch.fireChanged(Launch.java:466)
	at org.eclipse.debug.core.Launch.addProcess(Launch.java:420)
	at org.eclipse.debug.core.model.RuntimeProcess.<init>(RuntimeProcess.java:126)
	at org.eclipse.debug.core.DebugPlugin.newProcess(DebugPlugin.java:791)
	at org.eclipse.jdt.launching.AbstractVMRunner.newProcess(AbstractVMRunner.java:175)
	at org.eclipse.jdt.internal.launching.StandardVMRunner.run(StandardVMRunner.java:438)
	at org.eclipse.jdt.launching.JavaLaunchDelegate.launch(JavaLaunchDelegate.java:122)
	at org.eclipse.debug.internal.core.LaunchConfiguration.launch(LaunchConfiguration.java:885)
	at org.eclipse.debug.internal.core.LaunchConfiguration.launch(LaunchConfiguration.java:739)
	at org.eclipse.debug.internal.ui.DebugUIPlugin.buildAndLaunch(DebugUIPlugin.java:1039)
	at org.eclipse.debug.internal.ui.DebugUIPlugin$8.run(DebugUIPlugin.java:1256)
	at org.eclipse.core.internal.jobs.Worker.run(Worker.java:56)

!ENTRY org.python.pydev.shared_core 4 4 2020-05-08 23:16:01.242
!MESSAGE No message gotten (null message).
!STACK 0
java.lang.NullPointerException
	at org.python.pydev.debug.ui.launching.PythonRunnerConfig.getWorkingDirectory(PythonRunnerConfig.java:210)
	at org.python.pydev.debug.ui.PythonConsoleLineTracker.initLaunchConfiguration(PythonConsoleLineTracker.java:160)
	at org.python.pydev.debug.ui.PythonConsoleLineTracker.init(PythonConsoleLineTracker.java:131)
	at org.eclipse.debug.internal.ui.views.console.ConsoleLineNotifier.connect(ConsoleLineNotifier.java:56)
	at org.eclipse.ui.internal.console.ConsolePatternMatcher.addPatternMatchListener(ConsolePatternMatcher.java:234)
	at org.eclipse.ui.console.TextConsole.addPatternMatchListener(TextConsole.java:409)
	at org.eclipse.debug.internal.ui.views.console.ProcessConsole.<init>(ProcessConsole.java:228)
	at org.eclipse.debug.internal.ui.views.console.ProcessConsoleManager.launchChanged(ProcessConsoleManager.java:149)
	at org.eclipse.debug.internal.core.LaunchManager$LaunchNotifier.run(LaunchManager.java:453)
	at org.eclipse.core.runtime.SafeRunner.run(SafeRunner.java:42)
	at org.eclipse.debug.internal.core.LaunchManager$LaunchNotifier.notify(LaunchManager.java:433)
	at org.eclipse.debug.internal.core.LaunchManager.fireUpdate(LaunchManager.java:1043)
	at org.eclipse.debug.core.Launch.fireChanged(Launch.java:466)
	at org.eclipse.debug.core.Launch.addProcess(Launch.java:420)
	at org.eclipse.debug.core.model.RuntimeProcess.<init>(RuntimeProcess.java:126)
	at org.eclipse.debug.core.DebugPlugin.newProcess(DebugPlugin.java:791)
	at org.eclipse.jdt.launching.AbstractVMRunner.newProcess(AbstractVMRunner.java:175)
	at org.eclipse.jdt.internal.launching.StandardVMRunner.run(StandardVMRunner.java:438)
	at org.eclipse.jdt.launching.JavaLaunchDelegate.launch(JavaLaunchDelegate.java:122)
	at org.eclipse.debug.internal.core.LaunchConfiguration.launch(LaunchConfiguration.java:885)
	at org.eclipse.debug.internal.core.LaunchConfiguration.launch(LaunchConfiguration.java:739)
	at org.eclipse.debug.internal.ui.DebugUIPlugin.buildAndLaunch(DebugUIPlugin.java:1039)
	at org.eclipse.debug.internal.ui.DebugUIPlugin$8.run(DebugUIPlugin.java:1256)
	at org.eclipse.core.internal.jobs.Worker.run(Worker.java:56)

!ENTRY org.python.pydev.shared_core 4 4 2020-05-08 23:17:54.544
!MESSAGE No message gotten (null message).
!STACK 0
java.lang.NullPointerException
	at org.python.pydev.debug.ui.launching.PythonRunnerConfig.getWorkingDirectory(PythonRunnerConfig.java:210)
	at org.python.pydev.debug.ui.PythonConsoleLineTracker.initLaunchConfiguration(PythonConsoleLineTracker.java:160)
	at org.python.pydev.debug.ui.PythonConsoleLineTracker.init(PythonConsoleLineTracker.java:131)
	at org.eclipse.debug.internal.ui.views.console.ConsoleLineNotifier.connect(ConsoleLineNotifier.java:56)
	at org.eclipse.ui.internal.console.ConsolePatternMatcher.addPatternMatchListener(ConsolePatternMatcher.java:234)
	at org.eclipse.ui.console.TextConsole.addPatternMatchListener(TextConsole.java:409)
	at org.eclipse.debug.internal.ui.views.console.ProcessConsole.<init>(ProcessConsole.java:228)
	at org.eclipse.debug.internal.ui.views.console.ProcessConsoleManager.launchChanged(ProcessConsoleManager.java:149)
	at org.eclipse.debug.internal.core.LaunchManager$LaunchNotifier.run(LaunchManager.java:453)
	at org.eclipse.core.runtime.SafeRunner.run(SafeRunner.java:42)
	at org.eclipse.debug.internal.core.LaunchManager$LaunchNotifier.notify(LaunchManager.java:433)
	at org.eclipse.debug.internal.core.LaunchManager.fireUpdate(LaunchManager.java:1043)
	at org.eclipse.debug.core.Launch.fireChanged(Launch.java:466)
	at org.eclipse.debug.core.Launch.addProcess(Launch.java:420)
	at org.eclipse.debug.core.model.RuntimeProcess.<init>(RuntimeProcess.java:126)
	at org.eclipse.debug.core.DebugPlugin.newProcess(DebugPlugin.java:791)
	at org.eclipse.jdt.launching.AbstractVMRunner.newProcess(AbstractVMRunner.java:175)
	at org.eclipse.jdt.internal.launching.StandardVMRunner.run(StandardVMRunner.java:438)
	at org.eclipse.jdt.launching.JavaLaunchDelegate.launch(JavaLaunchDelegate.java:122)
	at org.eclipse.debug.internal.core.LaunchConfiguration.launch(LaunchConfiguration.java:885)
	at org.eclipse.debug.internal.core.LaunchConfiguration.launch(LaunchConfiguration.java:739)
	at org.eclipse.debug.internal.ui.DebugUIPlugin.buildAndLaunch(DebugUIPlugin.java:1039)
	at org.eclipse.debug.internal.ui.DebugUIPlugin$8.run(DebugUIPlugin.java:1256)
	at org.eclipse.core.internal.jobs.Worker.run(Worker.java:56)

!ENTRY org.python.pydev.shared_core 4 4 2020-05-08 23:22:01.661
!MESSAGE No message gotten (null message).
!STACK 0
java.lang.NullPointerException
	at org.python.pydev.debug.ui.launching.PythonRunnerConfig.getWorkingDirectory(PythonRunnerConfig.java:210)
	at org.python.pydev.debug.ui.PythonConsoleLineTracker.initLaunchConfiguration(PythonConsoleLineTracker.java:160)
	at org.python.pydev.debug.ui.PythonConsoleLineTracker.init(PythonConsoleLineTracker.java:131)
	at org.eclipse.debug.internal.ui.views.console.ConsoleLineNotifier.connect(ConsoleLineNotifier.java:56)
	at org.eclipse.ui.internal.console.ConsolePatternMatcher.addPatternMatchListener(ConsolePatternMatcher.java:234)
	at org.eclipse.ui.console.TextConsole.addPatternMatchListener(TextConsole.java:409)
	at org.eclipse.debug.internal.ui.views.console.ProcessConsole.<init>(ProcessConsole.java:228)
	at org.eclipse.debug.internal.ui.views.console.ProcessConsoleManager.launchChanged(ProcessConsoleManager.java:149)
	at org.eclipse.debug.internal.core.LaunchManager$LaunchNotifier.run(LaunchManager.java:453)
	at org.eclipse.core.runtime.SafeRunner.run(SafeRunner.java:42)
	at org.eclipse.debug.internal.core.LaunchManager$LaunchNotifier.notify(LaunchManager.java:433)
	at org.eclipse.debug.internal.core.LaunchManager.fireUpdate(LaunchManager.java:1043)
	at org.eclipse.debug.core.Launch.fireChanged(Launch.java:466)
	at org.eclipse.debug.core.Launch.addProcess(Launch.java:420)
	at org.eclipse.debug.core.model.RuntimeProcess.<init>(RuntimeProcess.java:126)
	at org.eclipse.debug.core.DebugPlugin.newProcess(DebugPlugin.java:791)
	at org.eclipse.jdt.launching.AbstractVMRunner.newProcess(AbstractVMRunner.java:175)
	at org.eclipse.jdt.internal.launching.StandardVMRunner.run(StandardVMRunner.java:438)
	at org.eclipse.jdt.launching.JavaLaunchDelegate.launch(JavaLaunchDelegate.java:122)
	at org.eclipse.debug.internal.core.LaunchConfiguration.launch(LaunchConfiguration.java:885)
	at org.eclipse.debug.internal.core.LaunchConfiguration.launch(LaunchConfiguration.java:739)
	at org.eclipse.debug.internal.ui.DebugUIPlugin.buildAndLaunch(DebugUIPlugin.java:1039)
	at org.eclipse.debug.internal.ui.DebugUIPlugin$8.run(DebugUIPlugin.java:1256)
	at org.eclipse.core.internal.jobs.Worker.run(Worker.java:56)

!ENTRY org.python.pydev.shared_core 4 4 2020-05-08 23:22:45.367
!MESSAGE No message gotten (null message).
!STACK 0
java.lang.NullPointerException
	at org.python.pydev.debug.ui.launching.PythonRunnerConfig.getWorkingDirectory(PythonRunnerConfig.java:210)
	at org.python.pydev.debug.ui.PythonConsoleLineTracker.initLaunchConfiguration(PythonConsoleLineTracker.java:160)
	at org.python.pydev.debug.ui.PythonConsoleLineTracker.init(PythonConsoleLineTracker.java:131)
	at org.eclipse.debug.internal.ui.views.console.ConsoleLineNotifier.connect(ConsoleLineNotifier.java:56)
	at org.eclipse.ui.internal.console.ConsolePatternMatcher.addPatternMatchListener(ConsolePatternMatcher.java:234)
	at org.eclipse.ui.console.TextConsole.addPatternMatchListener(TextConsole.java:409)
	at org.eclipse.debug.internal.ui.views.console.ProcessConsole.<init>(ProcessConsole.java:228)
	at org.eclipse.debug.internal.ui.views.console.ProcessConsoleManager.launchChanged(ProcessConsoleManager.java:149)
	at org.eclipse.debug.internal.core.LaunchManager$LaunchNotifier.run(LaunchManager.java:453)
	at org.eclipse.core.runtime.SafeRunner.run(SafeRunner.java:42)
	at org.eclipse.debug.internal.core.LaunchManager$LaunchNotifier.notify(LaunchManager.java:433)
	at org.eclipse.debug.internal.core.LaunchManager.fireUpdate(LaunchManager.java:1043)
	at org.eclipse.debug.core.Launch.fireChanged(Launch.java:466)
	at org.eclipse.debug.core.Launch.addProcess(Launch.java:420)
	at org.eclipse.debug.core.model.RuntimeProcess.<init>(RuntimeProcess.java:126)
	at org.eclipse.debug.core.DebugPlugin.newProcess(DebugPlugin.java:791)
	at org.eclipse.jdt.launching.AbstractVMRunner.newProcess(AbstractVMRunner.java:175)
	at org.eclipse.jdt.internal.launching.StandardVMRunner.run(StandardVMRunner.java:438)
	at org.eclipse.jdt.launching.JavaLaunchDelegate.launch(JavaLaunchDelegate.java:122)
	at org.eclipse.debug.internal.core.LaunchConfiguration.launch(LaunchConfiguration.java:885)
	at org.eclipse.debug.internal.core.LaunchConfiguration.launch(LaunchConfiguration.java:739)
	at org.eclipse.debug.internal.ui.DebugUIPlugin.buildAndLaunch(DebugUIPlugin.java:1039)
	at org.eclipse.debug.internal.ui.DebugUIPlugin$8.run(DebugUIPlugin.java:1256)
	at org.eclipse.core.internal.jobs.Worker.run(Worker.java:56)
!SESSION 2020-05-10 11:42:10.825 -----------------------------------------------
eclipse.buildId=4.7.3.M20180330-0640
java.version=1.8.0_241
java.vendor=Oracle Corporation
BootLoader constants: OS=win32, ARCH=x86_64, WS=win32, NL=en_US
Framework arguments:  -product org.eclipse.epp.package.java.product
Command-line arguments:  -os win32 -ws win32 -arch x86_64 -product org.eclipse.epp.package.java.product

!ENTRY org.eclipse.core.resources 2 10035 2020-05-10 11:42:41.596
!MESSAGE The workspace exited with unsaved changes in the previous session; refreshing workspace to recover changes.

!ENTRY org.eclipse.egit.ui 2 0 2020-05-10 11:44:01.070
!MESSAGE Warning: The environment variable HOME is not set. The following directory will be used to store the Git
user global configuration and to define the default location to store repositories: 'C:\Users\hanuma'. If this is
not correct please set the HOME environment variable and restart Eclipse. Otherwise Git for Windows and
EGit might behave differently since they see different configuration options.
This warning can be switched off on the Team > Git > Confirmations and Warnings preference page.

!ENTRY org.eclipse.epp.logging.aeri.ide 2 17 2020-05-10 11:44:02.043
!MESSAGE Server ‘org.eclipse.epp.logging.aeri.ide.server’ failed with exception: java.lang.IllegalStateException: Expected BEGIN_OBJECT but was STRING at line 1 column 1 path $. ; version: 2.0.7.v20170906-1327
!STACK 0
com.google.gson.JsonSyntaxException: java.lang.IllegalStateException: Expected BEGIN_OBJECT but was STRING at line 1 column 1 path $
	at com.google.gson.internal.bind.ReflectiveTypeAdapterFactory$Adapter.read(ReflectiveTypeAdapterFactory.java:224)
	at com.google.gson.Gson.fromJson(Gson.java:887)
	at com.google.gson.Gson.fromJson(Gson.java:852)
	at com.google.gson.Gson.fromJson(Gson.java:801)
	at org.eclipse.epp.internal.logging.aeri.ide.server.json.Json.deserialize(Json.java:91)
	at org.eclipse.epp.internal.logging.aeri.ide.server.mars.IO.refreshConfiguration(IO.java:66)
	at org.eclipse.epp.internal.logging.aeri.ide.server.mars.ServerConnection.startUp(ServerConnection.java:124)
	at com.google.common.util.concurrent.AbstractIdleService$DelegateService$1.run(AbstractIdleService.java:62)
	at com.google.common.util.concurrent.Callables$4.run(Callables.java:122)
	at java.lang.Thread.run(Unknown Source)
Caused by: java.lang.IllegalStateException: Expected BEGIN_OBJECT but was STRING at line 1 column 1 path $
	at com.google.gson.stream.JsonReader.beginObject(JsonReader.java:385)
	at com.google.gson.internal.bind.ReflectiveTypeAdapterFactory$Adapter.read(ReflectiveTypeAdapterFactory.java:213)
	... 9 more

!ENTRY org.eclipse.m2e.logback.appender 2 0 2020-05-10 11:44:47.278
!MESSAGE Using platform encoding (Cp1252 actually) to copy filtered resources, i.e. build is platform dependent!

!ENTRY org.eclipse.m2e.logback.appender 2 0 2020-05-10 11:44:47.283
!MESSAGE Using platform encoding (Cp1252 actually) to copy filtered resources, i.e. build is platform dependent!
!SESSION 2020-05-10 12:00:29.530 -----------------------------------------------
eclipse.buildId=4.7.3.M20180330-0640
java.version=1.8.0_241
java.vendor=Oracle Corporation
BootLoader constants: OS=win32, ARCH=x86_64, WS=win32, NL=en_US
Framework arguments:  -product org.eclipse.epp.package.java.product
Command-line arguments:  -os win32 -ws win32 -arch x86_64 -product org.eclipse.epp.package.java.product

!ENTRY org.eclipse.core.resources 2 10035 2020-05-10 12:02:31.061
!MESSAGE The workspace exited with unsaved changes in the previous session; refreshing workspace to recover changes.

!ENTRY org.eclipse.jdt.launching 4 4 2020-05-10 12:04:02.026
!MESSAGE Content is not allowed in prolog.
!STACK 0
org.xml.sax.SAXParseException; lineNumber: 1; columnNumber: 1; Content is not allowed in prolog.
	at com.sun.org.apache.xerces.internal.util.ErrorHandlerWrapper.createSAXParseException(Unknown Source)
	at com.sun.org.apache.xerces.internal.util.ErrorHandlerWrapper.fatalError(Unknown Source)
	at com.sun.org.apache.xerces.internal.impl.XMLErrorReporter.reportError(Unknown Source)
	at com.sun.org.apache.xerces.internal.impl.XMLErrorReporter.reportError(Unknown Source)
	at com.sun.org.apache.xerces.internal.impl.XMLScanner.reportFatalError(Unknown Source)
	at com.sun.org.apache.xerces.internal.impl.XMLDocumentScannerImpl$PrologDriver.next(Unknown Source)
	at com.sun.org.apache.xerces.internal.impl.XMLDocumentScannerImpl.next(Unknown Source)
	at com.sun.org.apache.xerces.internal.impl.XMLDocumentFragmentScannerImpl.scanDocument(Unknown Source)
	at com.sun.org.apache.xerces.internal.parsers.XML11Configuration.parse(Unknown Source)
	at com.sun.org.apache.xerces.internal.parsers.XML11Configuration.parse(Unknown Source)
	at com.sun.org.apache.xerces.internal.parsers.XMLParser.parse(Unknown Source)
	at com.sun.org.apache.xerces.internal.parsers.DOMParser.parse(Unknown Source)
	at com.sun.org.apache.xerces.internal.jaxp.DocumentBuilderImpl.parse(Unknown Source)
	at org.eclipse.jdt.internal.launching.LaunchingPlugin.readInstallInfo(LaunchingPlugin.java:1016)
	at org.eclipse.jdt.internal.launching.LaunchingPlugin.timeStampChanged(LaunchingPlugin.java:980)
	at org.eclipse.jdt.internal.launching.VMDefinitionsContainer.populateVMForType(VMDefinitionsContainer.java:557)
	at org.eclipse.jdt.internal.launching.VMDefinitionsContainer.populateVMTypes(VMDefinitionsContainer.java:494)
	at org.eclipse.jdt.internal.launching.VMDefinitionsContainer.parseXMLIntoContainer(VMDefinitionsContainer.java:473)
	at org.eclipse.jdt.launching.JavaRuntime.addPersistedVMs(JavaRuntime.java:1796)
	at org.eclipse.jdt.launching.JavaRuntime.initializeVMs(JavaRuntime.java:3032)
	at org.eclipse.jdt.launching.JavaRuntime.getVMInstallTypes(JavaRuntime.java:544)
	at org.eclipse.jdt.internal.launching.environments.EnvironmentsManager.initializeCompatibilities(EnvironmentsManager.java:276)
	at org.eclipse.jdt.internal.launching.environments.ExecutionEnvironment.init(ExecutionEnvironment.java:182)
	at org.eclipse.jdt.internal.launching.environments.ExecutionEnvironment.getDefaultVM(ExecutionEnvironment.java:224)
	at org.eclipse.jdt.internal.launching.JREContainerInitializer.resolveVM(JREContainerInitializer.java:176)
	at org.eclipse.jdt.internal.launching.JREContainerInitializer.resolveVM(JREContainerInitializer.java:143)
	at org.eclipse.jdt.internal.launching.JREContainerInitializer.initialize(JREContainerInitializer.java:60)
	at org.eclipse.jdt.internal.core.JavaModelManager.initializeContainer(JavaModelManager.java:3114)
	at org.eclipse.jdt.internal.core.JavaModelManager.getClasspathContainer(JavaModelManager.java:2063)
	at org.eclipse.jdt.core.JavaCore.getClasspathContainer(JavaCore.java:3568)
	at org.eclipse.jdt.internal.core.JavaProject.resolveClasspath(JavaProject.java:2986)
	at org.eclipse.jdt.internal.core.JavaProject.resolveClasspath(JavaProject.java:3150)
	at org.eclipse.jdt.internal.core.JavaProject.getResolvedClasspath(JavaProject.java:2255)
	at org.eclipse.jdt.internal.core.PackageFragmentRoot.getRawClasspathEntry(PackageFragmentRoot.java:572)
	at org.eclipse.jdt.internal.ui.packageview.PackageExplorerContentProvider.internalGetParent(PackageExplorerContentProvider.java:391)
	at org.eclipse.jdt.internal.ui.packageview.PackageExplorerContentProvider.processDelta(PackageExplorerContentProvider.java:752)
	at org.eclipse.jdt.internal.ui.packageview.PackageExplorerContentProvider.handleAffectedChildren(PackageExplorerContentProvider.java:833)
	at org.eclipse.jdt.internal.ui.packageview.PackageExplorerContentProvider.processDelta(PackageExplorerContentProvider.java:776)
	at org.eclipse.jdt.internal.ui.packageview.PackageExplorerContentProvider.handleAffectedChildren(PackageExplorerContentProvider.java:833)
	at org.eclipse.jdt.internal.ui.packageview.PackageExplorerContentProvider.processDelta(PackageExplorerContentProvider.java:776)
	at org.eclipse.jdt.internal.ui.packageview.PackageExplorerContentProvider.elementChanged(PackageExplorerContentProvider.java:135)
	at org.eclipse.jdt.internal.core.DeltaProcessor$3.run(DeltaProcessor.java:1730)
	at org.eclipse.core.runtime.SafeRunner.run(SafeRunner.java:42)
	at org.eclipse.jdt.internal.core.DeltaProcessor.notifyListeners(DeltaProcessor.java:1720)
	at org.eclipse.jdt.internal.core.DeltaProcessor.firePostChangeDelta(DeltaProcessor.java:1554)
	at org.eclipse.jdt.internal.core.DeltaProcessor.fire(DeltaProcessor.java:1530)
	at org.eclipse.jdt.internal.core.JavaModelOperation.run(JavaModelOperation.java:765)
	at org.eclipse.jdt.internal.core.JavaModelOperation.runOperation(JavaModelOperation.java:790)
	at org.eclipse.jdt.internal.core.CompilationUnit.becomeWorkingCopy(CompilationUnit.java:100)
	at org.eclipse.jdt.internal.ui.javaeditor.CompilationUnitDocumentProvider.createFileInfo(CompilationUnitDocumentProvider.java:1031)
	at org.eclipse.ui.editors.text.TextFileDocumentProvider.connect(TextFileDocumentProvider.java:478)
	at org.eclipse.jdt.internal.ui.javaeditor.CompilationUnitDocumentProvider.connect(CompilationUnitDocumentProvider.java:1274)
	at org.eclipse.ui.texteditor.AbstractTextEditor.doSetInput(AbstractTextEditor.java:4178)
	at org.eclipse.ui.texteditor.StatusTextEditor.doSetInput(StatusTextEditor.java:257)
	at org.eclipse.ui.texteditor.AbstractDecoratedTextEditor.doSetInput(AbstractDecoratedTextEditor.java:1466)
	at org.eclipse.jdt.internal.ui.javaeditor.JavaEditor.internalDoSetInput(JavaEditor.java:2557)
	at org.eclipse.jdt.internal.ui.javaeditor.JavaEditor.doSetInput(JavaEditor.java:2530)
	at org.eclipse.jdt.internal.ui.javaeditor.CompilationUnitEditor.doSetInput(CompilationUnitEditor.java:1418)
	at org.eclipse.ui.texteditor.AbstractTextEditor$5.run(AbstractTextEditor.java:3154)
	at org.eclipse.ui.internal.WorkbenchWindow.run(WorkbenchWindow.java:2137)
	at org.eclipse.ui.texteditor.AbstractTextEditor.internalInit(AbstractTextEditor.java:3172)
	at org.eclipse.ui.texteditor.AbstractTextEditor.init(AbstractTextEditor.java:3197)
	at org.eclipse.ui.internal.EditorReference.initialize(EditorReference.java:362)
	at org.eclipse.ui.internal.e4.compatibility.CompatibilityPart.create(CompatibilityPart.java:333)
	at sun.reflect.NativeMethodAccessorImpl.invoke0(Native Method)
	at sun.reflect.NativeMethodAccessorImpl.invoke(Unknown Source)
	at sun.reflect.DelegatingMethodAccessorImpl.invoke(Unknown Source)
	at java.lang.reflect.Method.invoke(Unknown Source)
	at org.eclipse.e4.core.internal.di.MethodRequestor.execute(MethodRequestor.java:55)
	at org.eclipse.e4.core.internal.di.InjectorImpl.processAnnotated(InjectorImpl.java:990)
	at org.eclipse.e4.core.internal.di.InjectorImpl.processAnnotated(InjectorImpl.java:955)
	at org.eclipse.e4.core.internal.di.InjectorImpl.inject(InjectorImpl.java:124)
	at org.eclipse.e4.core.internal.di.InjectorImpl.internalMake(InjectorImpl.java:399)
	at org.eclipse.e4.core.internal.di.InjectorImpl.make(InjectorImpl.java:318)
	at org.eclipse.e4.core.contexts.ContextInjectionFactory.make(ContextInjectionFactory.java:162)
	at org.eclipse.e4.ui.internal.workbench.ReflectionContributionFactory.createFromBundle(ReflectionContributionFactory.java:105)
	at org.eclipse.e4.ui.internal.workbench.ReflectionContributionFactory.doCreate(ReflectionContributionFactory.java:74)
	at org.eclipse.e4.ui.internal.workbench.ReflectionContributionFactory.create(ReflectionContributionFactory.java:56)
	at org.eclipse.e4.ui.workbench.renderers.swt.ContributedPartRenderer.createWidget(ContributedPartRenderer.java:129)
	at org.eclipse.e4.ui.internal.workbench.swt.PartRenderingEngine.createWidget(PartRenderingEngine.java:992)
	at org.eclipse.e4.ui.internal.workbench.swt.PartRenderingEngine.safeCreateGui(PartRenderingEngine.java:661)
	at org.eclipse.e4.ui.internal.workbench.swt.PartRenderingEngine.safeCreateGui(PartRenderingEngine.java:767)
	at org.eclipse.e4.ui.internal.workbench.swt.PartRenderingEngine.access$0(PartRenderingEngine.java:738)
	at org.eclipse.e4.ui.internal.workbench.swt.PartRenderingEngine$2.run(PartRenderingEngine.java:732)
	at org.eclipse.core.runtime.SafeRunner.run(SafeRunner.java:42)
	at org.eclipse.e4.ui.internal.workbench.swt.PartRenderingEngine.createGui(PartRenderingEngine.java:716)
	at org.eclipse.e4.ui.workbench.renderers.swt.StackRenderer.showTab(StackRenderer.java:1293)
	at org.eclipse.e4.ui.workbench.renderers.swt.LazyStackRenderer.postProcess(LazyStackRenderer.java:97)
	at org.eclipse.e4.ui.internal.workbench.swt.PartRenderingEngine.safeCreateGui(PartRenderingEngine.java:679)
	at org.eclipse.e4.ui.internal.workbench.swt.PartRenderingEngine.safeCreateGui(PartRenderingEngine.java:767)
	at org.eclipse.e4.ui.internal.workbench.swt.PartRenderingEngine.access$0(PartRenderingEngine.java:738)
	at org.eclipse.e4.ui.internal.workbench.swt.PartRenderingEngine$2.run(PartRenderingEngine.java:732)
	at org.eclipse.core.runtime.SafeRunner.run(SafeRunner.java:42)
	at org.eclipse.e4.ui.internal.workbench.swt.PartRenderingEngine.createGui(PartRenderingEngine.java:716)
	at org.eclipse.e4.ui.workbench.renderers.swt.SWTPartRenderer.processContents(SWTPartRenderer.java:69)
	at org.eclipse.e4.ui.internal.workbench.swt.PartRenderingEngine.safeCreateGui(PartRenderingEngine.java:675)
	at org.eclipse.e4.ui.internal.workbench.swt.PartRenderingEngine$1.run(PartRenderingEngine.java:546)
	at org.eclipse.core.runtime.SafeRunner.run(SafeRunner.java:42)
	at org.eclipse.e4.ui.internal.workbench.swt.PartRenderingEngine.createGui(PartRenderingEngine.java:530)
	at org.eclipse.e4.ui.workbench.renderers.swt.ElementReferenceRenderer.createWidget(ElementReferenceRenderer.java:70)
	at org.eclipse.e4.ui.internal.workbench.swt.PartRenderingEngine.createWidget(PartRenderingEngine.java:992)
	at org.eclipse.e4.ui.internal.workbench.swt.PartRenderingEngine.safeCreateGui(PartRenderingEngine.java:661)
	at org.eclipse.e4.ui.internal.workbench.swt.PartRenderingEngine.safeCreateGui(PartRenderingEngine.java:767)
	at org.eclipse.e4.ui.internal.workbench.swt.PartRenderingEngine.access$0(PartRenderingEngine.java:738)
	at org.eclipse.e4.ui.internal.workbench.swt.PartRenderingEngine$2.run(PartRenderingEngine.java:732)
	at org.eclipse.core.runtime.SafeRunner.run(SafeRunner.java:42)
	at org.eclipse.e4.ui.internal.workbench.swt.PartRenderingEngine.createGui(PartRenderingEngine.java:716)
	at org.eclipse.e4.ui.workbench.renderers.swt.SWTPartRenderer.processContents(SWTPartRenderer.java:69)
	at org.eclipse.e4.ui.workbench.renderers.swt.SashRenderer.processContents(SashRenderer.java:137)
	at org.eclipse.e4.ui.internal.workbench.swt.PartRenderingEngine.safeCreateGui(PartRenderingEngine.java:675)
	at org.eclipse.e4.ui.internal.workbench.swt.PartRenderingEngine.safeCreateGui(PartRenderingEngine.java:767)
	at org.eclipse.e4.ui.internal.workbench.swt.PartRenderingEngine.access$0(PartRenderingEngine.java:738)
	at org.eclipse.e4.ui.internal.workbench.swt.PartRenderingEngine$2.run(PartRenderingEngine.java:732)
	at org.eclipse.core.runtime.SafeRunner.run(SafeRunner.java:42)
	at org.eclipse.e4.ui.internal.workbench.swt.PartRenderingEngine.createGui(PartRenderingEngine.java:716)
	at org.eclipse.e4.ui.workbench.renderers.swt.SWTPartRenderer.processContents(SWTPartRenderer.java:69)
	at org.eclipse.e4.ui.workbench.renderers.swt.SashRenderer.processContents(SashRenderer.java:137)
	at org.eclipse.e4.ui.internal.workbench.swt.PartRenderingEngine.safeCreateGui(PartRenderingEngine.java:675)
	at org.eclipse.e4.ui.internal.workbench.swt.PartRenderingEngine.safeCreateGui(PartRenderingEngine.java:767)
	at org.eclipse.e4.ui.internal.workbench.swt.PartRenderingEngine.access$0(PartRenderingEngine.java:738)
	at org.eclipse.e4.ui.internal.workbench.swt.PartRenderingEngine$2.run(PartRenderingEngine.java:732)
	at org.eclipse.core.runtime.SafeRunner.run(SafeRunner.java:42)
	at org.eclipse.e4.ui.internal.workbench.swt.PartRenderingEngine.createGui(PartRenderingEngine.java:716)
	at org.eclipse.e4.ui.workbench.renderers.swt.SWTPartRenderer.processContents(SWTPartRenderer.java:69)
	at org.eclipse.e4.ui.workbench.renderers.swt.SashRenderer.processContents(SashRenderer.java:137)
	at org.eclipse.e4.ui.internal.workbench.swt.PartRenderingEngine.safeCreateGui(PartRenderingEngine.java:675)
	at org.eclipse.e4.ui.internal.workbench.swt.PartRenderingEngine.safeCreateGui(PartRenderingEngine.java:767)
	at org.eclipse.e4.ui.internal.workbench.swt.PartRenderingEngine.access$0(PartRenderingEngine.java:738)
	at org.eclipse.e4.ui.internal.workbench.swt.PartRenderingEngine$2.run(PartRenderingEngine.java:732)
	at org.eclipse.core.runtime.SafeRunner.run(SafeRunner.java:42)
	at org.eclipse.e4.ui.internal.workbench.swt.PartRenderingEngine.createGui(PartRenderingEngine.java:716)
	at org.eclipse.e4.ui.workbench.renderers.swt.SWTPartRenderer.processContents(SWTPartRenderer.java:69)
	at org.eclipse.e4.ui.workbench.renderers.swt.PerspectiveRenderer.processContents(PerspectiveRenderer.java:49)
	at org.eclipse.e4.ui.internal.workbench.swt.PartRenderingEngine.safeCreateGui(PartRenderingEngine.java:675)
	at org.eclipse.e4.ui.internal.workbench.swt.PartRenderingEngine.safeCreateGui(PartRenderingEngine.java:767)
	at org.eclipse.e4.ui.internal.workbench.swt.PartRenderingEngine.access$0(PartRenderingEngine.java:738)
	at org.eclipse.e4.ui.internal.workbench.swt.PartRenderingEngine$2.run(PartRenderingEngine.java:732)
	at org.eclipse.core.runtime.SafeRunner.run(SafeRunner.java:42)
	at org.eclipse.e4.ui.internal.workbench.swt.PartRenderingEngine.createGui(PartRenderingEngine.java:716)
	at org.eclipse.e4.ui.workbench.renderers.swt.PerspectiveStackRenderer.showTab(PerspectiveStackRenderer.java:79)
	at org.eclipse.e4.ui.workbench.renderers.swt.LazyStackRenderer.postProcess(LazyStackRenderer.java:97)
	at org.eclipse.e4.ui.workbench.renderers.swt.PerspectiveStackRenderer.postProcess(PerspectiveStackRenderer.java:61)
	at org.eclipse.e4.ui.internal.workbench.swt.PartRenderingEngine.safeCreateGui(PartRenderingEngine.java:679)
	at org.eclipse.e4.ui.internal.workbench.swt.PartRenderingEngine.safeCreateGui(PartRenderingEngine.java:767)
	at org.eclipse.e4.ui.internal.workbench.swt.PartRenderingEngine.access$0(PartRenderingEngine.java:738)
	at org.eclipse.e4.ui.internal.workbench.swt.PartRenderingEngine$2.run(PartRenderingEngine.java:732)
	at org.eclipse.core.runtime.SafeRunner.run(SafeRunner.java:42)
	at org.eclipse.e4.ui.internal.workbench.swt.PartRenderingEngine.createGui(PartRenderingEngine.java:716)
	at org.eclipse.e4.ui.workbench.renderers.swt.SWTPartRenderer.processContents(SWTPartRenderer.java:69)
	at org.eclipse.e4.ui.workbench.renderers.swt.SashRenderer.processContents(SashRenderer.java:137)
	at org.eclipse.e4.ui.internal.workbench.swt.PartRenderingEngine.safeCreateGui(PartRenderingEngine.java:675)
	at org.eclipse.e4.ui.internal.workbench.swt.PartRenderingEngine.safeCreateGui(PartRenderingEngine.java:767)
	at org.eclipse.e4.ui.internal.workbench.swt.PartRenderingEngine.access$0(PartRenderingEngine.java:738)
	at org.eclipse.e4.ui.internal.workbench.swt.PartRenderingEngine$2.run(PartRenderingEngine.java:732)
	at org.eclipse.core.runtime.SafeRunner.run(SafeRunner.java:42)
	at org.eclipse.e4.ui.internal.workbench.swt.PartRenderingEngine.createGui(PartRenderingEngine.java:716)
	at org.eclipse.e4.ui.workbench.renderers.swt.SWTPartRenderer.processContents(SWTPartRenderer.java:69)
	at org.eclipse.e4.ui.workbench.renderers.swt.WBWRenderer.processContents(WBWRenderer.java:704)
	at org.eclipse.e4.ui.internal.workbench.swt.PartRenderingEngine.safeCreateGui(PartRenderingEngine.java:675)
	at org.eclipse.e4.ui.internal.workbench.swt.PartRenderingEngine.safeCreateGui(PartRenderingEngine.java:767)
	at org.eclipse.e4.ui.internal.workbench.swt.PartRenderingEngine.access$0(PartRenderingEngine.java:738)
	at org.eclipse.e4.ui.internal.workbench.swt.PartRenderingEngine$2.run(PartRenderingEngine.java:732)
	at org.eclipse.core.runtime.SafeRunner.run(SafeRunner.java:42)
	at org.eclipse.e4.ui.internal.workbench.swt.PartRenderingEngine.createGui(PartRenderingEngine.java:716)
	at org.eclipse.e4.ui.internal.workbench.swt.PartRenderingEngine$5.run(PartRenderingEngine.java:1076)
	at org.eclipse.core.databinding.observable.Realm.runWithDefault(Realm.java:336)
	at org.eclipse.e4.ui.internal.workbench.swt.PartRenderingEngine.run(PartRenderingEngine.java:1039)
	at org.eclipse.e4.ui.internal.workbench.E4Workbench.createAndRunUI(E4Workbench.java:153)
	at org.eclipse.ui.internal.Workbench.lambda$3(Workbench.java:680)
	at org.eclipse.core.databinding.observable.Realm.runWithDefault(Realm.java:336)
	at org.eclipse.ui.internal.Workbench.createAndRunWorkbench(Workbench.java:594)
	at org.eclipse.ui.PlatformUI.createAndRunWorkbench(PlatformUI.java:148)
	at org.eclipse.ui.internal.ide.application.IDEApplication.start(IDEApplication.java:151)
	at org.eclipse.equinox.internal.app.EclipseAppHandle.run(EclipseAppHandle.java:196)
	at org.eclipse.core.runtime.internal.adaptor.EclipseAppLauncher.runApplication(EclipseAppLauncher.java:134)
	at org.eclipse.core.runtime.internal.adaptor.EclipseAppLauncher.start(EclipseAppLauncher.java:104)
	at org.eclipse.core.runtime.adaptor.EclipseStarter.run(EclipseStarter.java:388)
	at org.eclipse.core.runtime.adaptor.EclipseStarter.run(EclipseStarter.java:243)
	at sun.reflect.NativeMethodAccessorImpl.invoke0(Native Method)
	at sun.reflect.NativeMethodAccessorImpl.invoke(Unknown Source)
	at sun.reflect.DelegatingMethodAccessorImpl.invoke(Unknown Source)
	at java.lang.reflect.Method.invoke(Unknown Source)
	at org.eclipse.equinox.launcher.Main.invokeFramework(Main.java:653)
	at org.eclipse.equinox.launcher.Main.basicRun(Main.java:590)
	at org.eclipse.equinox.launcher.Main.run(Main.java:1499)

!ENTRY org.eclipse.egit.ui 2 0 2020-05-10 12:04:38.379
!MESSAGE Warning: The environment variable HOME is not set. The following directory will be used to store the Git
user global configuration and to define the default location to store repositories: 'C:\Users\hanuma'. If this is
not correct please set the HOME environment variable and restart Eclipse. Otherwise Git for Windows and
EGit might behave differently since they see different configuration options.
This warning can be switched off on the Team > Git > Confirmations and Warnings preference page.

!ENTRY org.eclipse.epp.logging.aeri.ide 2 17 2020-05-10 12:04:44.242
!MESSAGE Server ‘org.eclipse.epp.logging.aeri.ide.server’ failed with exception: java.lang.IllegalStateException: Expected BEGIN_OBJECT but was STRING at line 1 column 1 path $. ; version: 2.0.7.v20170906-1327
!STACK 0
com.google.gson.JsonSyntaxException: java.lang.IllegalStateException: Expected BEGIN_OBJECT but was STRING at line 1 column 1 path $
	at com.google.gson.internal.bind.ReflectiveTypeAdapterFactory$Adapter.read(ReflectiveTypeAdapterFactory.java:224)
	at com.google.gson.Gson.fromJson(Gson.java:887)
	at com.google.gson.Gson.fromJson(Gson.java:852)
	at com.google.gson.Gson.fromJson(Gson.java:801)
	at org.eclipse.epp.internal.logging.aeri.ide.server.json.Json.deserialize(Json.java:91)
	at org.eclipse.epp.internal.logging.aeri.ide.server.mars.IO.refreshConfiguration(IO.java:66)
	at org.eclipse.epp.internal.logging.aeri.ide.server.mars.ServerConnection.startUp(ServerConnection.java:124)
	at com.google.common.util.concurrent.AbstractIdleService$DelegateService$1.run(AbstractIdleService.java:62)
	at com.google.common.util.concurrent.Callables$4.run(Callables.java:122)
	at java.lang.Thread.run(Unknown Source)
Caused by: java.lang.IllegalStateException: Expected BEGIN_OBJECT but was STRING at line 1 column 1 path $
	at com.google.gson.stream.JsonReader.beginObject(JsonReader.java:385)
	at com.google.gson.internal.bind.ReflectiveTypeAdapterFactory$Adapter.read(ReflectiveTypeAdapterFactory.java:213)
	... 9 more

!ENTRY org.eclipse.m2e.logback.appender 2 0 2020-05-10 12:57:03.547
!MESSAGE Using platform encoding (Cp1252 actually) to copy filtered resources, i.e. build is platform dependent!

!ENTRY org.eclipse.m2e.logback.appender 2 0 2020-05-10 12:57:03.590
!MESSAGE Using platform encoding (Cp1252 actually) to copy filtered resources, i.e. build is platform dependent!

!ENTRY org.eclipse.m2e.logback.appender 2 0 2020-05-10 13:00:06.986
!MESSAGE Failed to download org.eclipse.recommenders:index::zip:0.0.0
!STACK 0
org.eclipse.aether.resolution.ArtifactResolutionException: Could not find artifact org.eclipse.recommenders:index:zip:0.0.0-SNAPSHOT in models (http://download.eclipse.org/recommenders/models/oxygen/)
	at org.eclipse.aether.internal.impl.DefaultArtifactResolver.resolve(DefaultArtifactResolver.java:453)
	at org.eclipse.aether.internal.impl.DefaultArtifactResolver.resolveArtifacts(DefaultArtifactResolver.java:255)
	at org.eclipse.aether.internal.impl.DefaultArtifactResolver.resolveArtifact(DefaultArtifactResolver.java:232)
	at org.eclipse.aether.internal.impl.DefaultRepositorySystem.resolveArtifact(DefaultRepositorySystem.java:303)
	at org.eclipse.recommenders.models.ModelRepository.resolveInternal(ModelRepository.java:193)
	at org.eclipse.recommenders.models.ModelRepository.resolve(ModelRepository.java:172)
	at org.eclipse.recommenders.internal.models.rcp.EclipseModelRepository.resolve(EclipseModelRepository.java:168)
	at org.eclipse.recommenders.internal.models.rcp.DownloadModelArchiveJob.run(DownloadModelArchiveJob.java:76)
	at org.eclipse.core.internal.jobs.Worker.run(Worker.java:56)
Caused by: org.eclipse.aether.transfer.ArtifactNotFoundException: Could not find artifact org.eclipse.recommenders:index:zip:0.0.0-SNAPSHOT in models (http://download.eclipse.org/recommenders/models/oxygen/)
	at org.eclipse.aether.connector.basic.ArtifactTransportListener.transferFailed(ArtifactTransportListener.java:48)
	at org.eclipse.aether.connector.basic.BasicRepositoryConnector$TaskRunner.run(BasicRepositoryConnector.java:364)
	at org.eclipse.aether.util.concurrency.RunnableErrorForwarder$1.run(RunnableErrorForwarder.java:76)
	at org.eclipse.aether.connector.basic.BasicRepositoryConnector$DirectExecutor.execute(BasicRepositoryConnector.java:590)
	at org.eclipse.aether.connector.basic.BasicRepositoryConnector.get(BasicRepositoryConnector.java:258)
	at org.eclipse.aether.internal.impl.DefaultArtifactResolver.performDownloads(DefaultArtifactResolver.java:529)
	at org.eclipse.aether.internal.impl.DefaultArtifactResolver.resolve(DefaultArtifactResolver.java:430)
	... 8 more

!ENTRY org.eclipse.recommenders.models.rcp 1 0 2020-05-10 13:00:06.996
!MESSAGE org.eclipse.recommenders:index::zip:0.0.0 could not be resolved from the model repositories. Are you offline?

!ENTRY org.eclipse.m2e.logback.appender 2 0 2020-05-10 13:00:48.982
!MESSAGE Using platform encoding (Cp1252 actually) to copy filtered resources, i.e. build is platform dependent!

!ENTRY org.eclipse.m2e.logback.appender 2 0 2020-05-10 13:00:49.002
!MESSAGE Using platform encoding (Cp1252 actually) to copy filtered resources, i.e. build is platform dependent!

!ENTRY org.eclipse.m2e.logback.appender 2 0 2020-05-10 13:00:53.064
!MESSAGE Using platform encoding (Cp1252 actually) to copy filtered resources, i.e. build is platform dependent!

!ENTRY org.eclipse.m2e.logback.appender 2 0 2020-05-10 13:00:53.069
!MESSAGE Using platform encoding (Cp1252 actually) to copy filtered resources, i.e. build is platform dependent!

!ENTRY org.python.pydev.shared_core 4 4 2020-05-10 13:01:06.021
!MESSAGE No message gotten (null message).
!STACK 0
java.lang.NullPointerException
	at org.python.pydev.debug.ui.launching.PythonRunnerConfig.getWorkingDirectory(PythonRunnerConfig.java:210)
	at org.python.pydev.debug.ui.PythonConsoleLineTracker.initLaunchConfiguration(PythonConsoleLineTracker.java:160)
	at org.python.pydev.debug.ui.PythonConsoleLineTracker.init(PythonConsoleLineTracker.java:131)
	at org.eclipse.debug.internal.ui.views.console.ConsoleLineNotifier.connect(ConsoleLineNotifier.java:56)
	at org.eclipse.ui.internal.console.ConsolePatternMatcher.addPatternMatchListener(ConsolePatternMatcher.java:234)
	at org.eclipse.ui.console.TextConsole.addPatternMatchListener(TextConsole.java:409)
	at org.eclipse.debug.internal.ui.views.console.ProcessConsole.<init>(ProcessConsole.java:228)
	at org.eclipse.debug.internal.ui.views.console.ProcessConsoleManager.launchChanged(ProcessConsoleManager.java:149)
	at org.eclipse.debug.internal.core.LaunchManager$LaunchNotifier.run(LaunchManager.java:453)
	at org.eclipse.core.runtime.SafeRunner.run(SafeRunner.java:42)
	at org.eclipse.debug.internal.core.LaunchManager$LaunchNotifier.notify(LaunchManager.java:433)
	at org.eclipse.debug.internal.core.LaunchManager.fireUpdate(LaunchManager.java:1043)
	at org.eclipse.debug.core.Launch.fireChanged(Launch.java:466)
	at org.eclipse.debug.core.Launch.addProcess(Launch.java:420)
	at org.eclipse.debug.core.model.RuntimeProcess.<init>(RuntimeProcess.java:126)
	at org.eclipse.debug.core.DebugPlugin.newProcess(DebugPlugin.java:791)
	at org.eclipse.jdt.launching.AbstractVMRunner.newProcess(AbstractVMRunner.java:175)
	at org.eclipse.jdt.internal.launching.StandardVMRunner.run(StandardVMRunner.java:438)
	at org.eclipse.jdt.launching.JavaLaunchDelegate.launch(JavaLaunchDelegate.java:122)
	at org.eclipse.debug.internal.core.LaunchConfiguration.launch(LaunchConfiguration.java:885)
	at org.eclipse.debug.internal.core.LaunchConfiguration.launch(LaunchConfiguration.java:739)
	at org.eclipse.debug.internal.ui.DebugUIPlugin.buildAndLaunch(DebugUIPlugin.java:1039)
	at org.eclipse.debug.internal.ui.DebugUIPlugin$8.run(DebugUIPlugin.java:1256)
	at org.eclipse.core.internal.jobs.Worker.run(Worker.java:56)

!ENTRY org.eclipse.m2e.logback.appender 2 0 2020-05-10 13:01:46.890
!MESSAGE Using platform encoding (Cp1252 actually) to copy filtered resources, i.e. build is platform dependent!

!ENTRY org.eclipse.m2e.logback.appender 2 0 2020-05-10 13:01:46.895
!MESSAGE Using platform encoding (Cp1252 actually) to copy filtered resources, i.e. build is platform dependent!

!ENTRY org.eclipse.m2e.logback.appender 2 0 2020-05-10 13:01:56.788
!MESSAGE Using platform encoding (Cp1252 actually) to copy filtered resources, i.e. build is platform dependent!

!ENTRY org.eclipse.m2e.logback.appender 2 0 2020-05-10 13:01:56.794
!MESSAGE Using platform encoding (Cp1252 actually) to copy filtered resources, i.e. build is platform dependent!

!ENTRY org.eclipse.m2e.logback.appender 2 0 2020-05-10 13:02:42.768
!MESSAGE Using platform encoding (Cp1252 actually) to copy filtered resources, i.e. build is platform dependent!

!ENTRY org.eclipse.m2e.logback.appender 2 0 2020-05-10 13:02:42.775
!MESSAGE Using platform encoding (Cp1252 actually) to copy filtered resources, i.e. build is platform dependent!

!ENTRY org.python.pydev.shared_core 4 4 2020-05-10 13:02:43.215
!MESSAGE No message gotten (null message).
!STACK 0
java.lang.NullPointerException
	at org.python.pydev.debug.ui.launching.PythonRunnerConfig.getWorkingDirectory(PythonRunnerConfig.java:210)
	at org.python.pydev.debug.ui.PythonConsoleLineTracker.initLaunchConfiguration(PythonConsoleLineTracker.java:160)
	at org.python.pydev.debug.ui.PythonConsoleLineTracker.init(PythonConsoleLineTracker.java:131)
	at org.eclipse.debug.internal.ui.views.console.ConsoleLineNotifier.connect(ConsoleLineNotifier.java:56)
	at org.eclipse.ui.internal.console.ConsolePatternMatcher.addPatternMatchListener(ConsolePatternMatcher.java:234)
	at org.eclipse.ui.console.TextConsole.addPatternMatchListener(TextConsole.java:409)
	at org.eclipse.debug.internal.ui.views.console.ProcessConsole.<init>(ProcessConsole.java:228)
	at org.eclipse.debug.internal.ui.views.console.ProcessConsoleManager.launchChanged(ProcessConsoleManager.java:149)
	at org.eclipse.debug.internal.core.LaunchManager$LaunchNotifier.run(LaunchManager.java:453)
	at org.eclipse.core.runtime.SafeRunner.run(SafeRunner.java:42)
	at org.eclipse.debug.internal.core.LaunchManager$LaunchNotifier.notify(LaunchManager.java:433)
	at org.eclipse.debug.internal.core.LaunchManager.fireUpdate(LaunchManager.java:1043)
	at org.eclipse.debug.core.Launch.fireChanged(Launch.java:466)
	at org.eclipse.debug.core.Launch.addProcess(Launch.java:420)
	at org.eclipse.debug.core.model.RuntimeProcess.<init>(RuntimeProcess.java:126)
	at org.eclipse.debug.core.DebugPlugin.newProcess(DebugPlugin.java:791)
	at org.eclipse.jdt.launching.AbstractVMRunner.newProcess(AbstractVMRunner.java:175)
	at org.eclipse.jdt.internal.launching.StandardVMRunner.run(StandardVMRunner.java:438)
	at org.eclipse.jdt.launching.JavaLaunchDelegate.launch(JavaLaunchDelegate.java:122)
	at org.eclipse.debug.internal.core.LaunchConfiguration.launch(LaunchConfiguration.java:885)
	at org.eclipse.debug.internal.core.LaunchConfiguration.launch(LaunchConfiguration.java:739)
	at org.eclipse.debug.internal.ui.DebugUIPlugin.buildAndLaunch(DebugUIPlugin.java:1039)
	at org.eclipse.debug.internal.ui.DebugUIPlugin$8.run(DebugUIPlugin.java:1256)
	at org.eclipse.core.internal.jobs.Worker.run(Worker.java:56)

!ENTRY org.eclipse.m2e.logback.appender 2 0 2020-05-10 13:03:04.445
!MESSAGE Using platform encoding (Cp1252 actually) to copy filtered resources, i.e. build is platform dependent!

!ENTRY org.eclipse.m2e.logback.appender 2 0 2020-05-10 13:03:04.451
!MESSAGE Using platform encoding (Cp1252 actually) to copy filtered resources, i.e. build is platform dependent!

!ENTRY org.python.pydev.shared_core 4 4 2020-05-10 13:03:11.969
!MESSAGE No message gotten (null message).
!STACK 0
java.lang.NullPointerException
	at org.python.pydev.debug.ui.launching.PythonRunnerConfig.getWorkingDirectory(PythonRunnerConfig.java:210)
	at org.python.pydev.debug.ui.PythonConsoleLineTracker.initLaunchConfiguration(PythonConsoleLineTracker.java:160)
	at org.python.pydev.debug.ui.PythonConsoleLineTracker.init(PythonConsoleLineTracker.java:131)
	at org.eclipse.debug.internal.ui.views.console.ConsoleLineNotifier.connect(ConsoleLineNotifier.java:56)
	at org.eclipse.ui.internal.console.ConsolePatternMatcher.addPatternMatchListener(ConsolePatternMatcher.java:234)
	at org.eclipse.ui.console.TextConsole.addPatternMatchListener(TextConsole.java:409)
	at org.eclipse.debug.internal.ui.views.console.ProcessConsole.<init>(ProcessConsole.java:228)
	at org.eclipse.debug.internal.ui.views.console.ProcessConsoleManager.launchChanged(ProcessConsoleManager.java:149)
	at org.eclipse.debug.internal.core.LaunchManager$LaunchNotifier.run(LaunchManager.java:453)
	at org.eclipse.core.runtime.SafeRunner.run(SafeRunner.java:42)
	at org.eclipse.debug.internal.core.LaunchManager$LaunchNotifier.notify(LaunchManager.java:433)
	at org.eclipse.debug.internal.core.LaunchManager.fireUpdate(LaunchManager.java:1043)
	at org.eclipse.debug.core.Launch.fireChanged(Launch.java:466)
	at org.eclipse.debug.core.Launch.addProcess(Launch.java:420)
	at org.eclipse.debug.core.model.RuntimeProcess.<init>(RuntimeProcess.java:126)
	at org.eclipse.debug.core.DebugPlugin.newProcess(DebugPlugin.java:791)
	at org.eclipse.jdt.launching.AbstractVMRunner.newProcess(AbstractVMRunner.java:175)
	at org.eclipse.jdt.internal.launching.StandardVMRunner.run(StandardVMRunner.java:438)
	at org.eclipse.jdt.launching.JavaLaunchDelegate.launch(JavaLaunchDelegate.java:122)
	at org.eclipse.debug.internal.core.LaunchConfiguration.launch(LaunchConfiguration.java:885)
	at org.eclipse.debug.internal.core.LaunchConfiguration.launch(LaunchConfiguration.java:739)
	at org.eclipse.debug.internal.ui.DebugUIPlugin.buildAndLaunch(DebugUIPlugin.java:1039)
	at org.eclipse.debug.internal.ui.DebugUIPlugin$8.run(DebugUIPlugin.java:1256)
	at org.eclipse.core.internal.jobs.Worker.run(Worker.java:56)

!ENTRY org.eclipse.m2e.logback.appender 2 0 2020-05-10 13:04:53.555
!MESSAGE Using platform encoding (Cp1252 actually) to copy filtered resources, i.e. build is platform dependent!

!ENTRY org.eclipse.m2e.logback.appender 2 0 2020-05-10 13:04:53.561
!MESSAGE Using platform encoding (Cp1252 actually) to copy filtered resources, i.e. build is platform dependent!

!ENTRY org.eclipse.m2e.logback.appender 2 0 2020-05-10 13:07:06.906
!MESSAGE Using platform encoding (Cp1252 actually) to copy filtered resources, i.e. build is platform dependent!

!ENTRY org.eclipse.m2e.logback.appender 2 0 2020-05-10 13:07:06.912
!MESSAGE Using platform encoding (Cp1252 actually) to copy filtered resources, i.e. build is platform dependent!

!ENTRY org.eclipse.m2e.logback.appender 2 0 2020-05-10 13:07:37.235
!MESSAGE Using platform encoding (Cp1252 actually) to copy filtered resources, i.e. build is platform dependent!

!ENTRY org.eclipse.m2e.logback.appender 2 0 2020-05-10 13:07:37.240
!MESSAGE Using platform encoding (Cp1252 actually) to copy filtered resources, i.e. build is platform dependent!

!ENTRY org.eclipse.equinox.p2.transport.ecf 4 1002 2020-05-10 13:08:16.160
!MESSAGE HTTP Remote File Permanently Removed: http://beust.com/eclipse/compositeContent.xml
!STACK 1
org.eclipse.ecf.filetransfer.BrowseFileTransferException: HttpComponents connection error response code 410.
	at org.eclipse.ecf.provider.filetransfer.httpclient4.HttpClientFileSystemBrowser.runRequest(HttpClientFileSystemBrowser.java:293)
	at org.eclipse.ecf.provider.filetransfer.browse.AbstractFileSystemBrowser$DirectoryJob.run(AbstractFileSystemBrowser.java:69)
	at org.eclipse.core.internal.jobs.Worker.run(Worker.java:56)
!SUBENTRY 1 org.eclipse.ecf.identity 4 0 2020-05-10 13:08:16.161
!MESSAGE HttpComponents connection error response code 410.

!ENTRY org.eclipse.m2e.logback.appender 2 0 2020-05-10 13:08:36.967
!MESSAGE Using platform encoding (Cp1252 actually) to copy filtered resources, i.e. build is platform dependent!

!ENTRY org.eclipse.m2e.logback.appender 2 0 2020-05-10 13:08:36.974
!MESSAGE Using platform encoding (Cp1252 actually) to copy filtered resources, i.e. build is platform dependent!
